<?xml version="1.0" encoding="UTF-8"?>

<!--
/**
 *  '$RCSfile: junit_testfile.xml,v $'
 *  Copyright: 2002 Regents of the University of California 
 *    Authors: @authors@
 *    Release: @release@
 *
 *   '$Author: brooke $'
 *     '$Date: 2003-07-17 21:30:00 $'
 * '$Revision: 1.1 $'
 *
 * Permission is hereby granted, without written agreement and without
 * license or royalty fees, to use, copy, modify, and distribute this
 * software and its documentation for any purpose, provided that the above
 * copyright notice and the following two paragraphs appear in all copies
 * of this software.
 *
 * IN NO EVENT SHALL THE UNIVERSITY OF CALIFORNIA BE LIABLE TO ANY PARTY
 * FOR DIRECT, INDIRECT, SPECIAL, INCIDENTAL, OR CONSEQUENTIAL DAMAGES
 * ARISING OUT OF THE USE OF THIS SOFTWARE AND ITS DOCUMENTATION, EVEN IF
 * THE UNIVERSITY OF CALIFORNIA HAS BEEN ADVISED OF THE POSSIBILITY OF
 * SUCH DAMAGE.
 *
 * THE UNIVERSITY OF CALIFORNIA SPECIFICALLY DISCLAIMS ANY WARRANTIES,
 * INCLUDING, BUT NOT LIMITED TO, THE IMPLIED WARRANTIES OF
 * MERCHANTABILITY AND FITNESS FOR A PARTICULAR PURPOSE. THE SOFTWARE
 * PROVIDED HEREUNDER IS ON AN "AS IS" BASIS, AND THE UNIVERSITY OF
 * CALIFORNIA HAS NO OBLIGATION TO PROVIDE MAINTENANCE, SUPPORT, UPDATES,
 * ENHANCEMENTS, OR MODIFICATIONS.
 */
-->

<acc:access authSystem="knb" 
    id="brooke.124.1" scope="document"
    xmlns:acc="eml://ecoinformatics.org/access-2.0.0rc3"
    xmlns:xsi="http://www.w3.org/2001/XMLSchema-instance"
    xsi:schemaLocation="eml://ecoinformatics.org/access-2.0.0rc3
    eml-access.xsd">
    <allow>
      <principal>uid=brooke,o=NCEAS,dc=ecoinformatics,dc=org</principal>
      <permission>all</permission>
    </allow>
    <allow>
      <principal>public</principal>
      <permission>read</permission>
    </allow>
    <deny>
      <principal>uid=berkley,o=NCEAS,dc=ecoinformatics,dc=org</principal>
      <permission>read</permission>
      <permission>write</permission>
      <permission>all</permission>
    </deny>
</acc:access>
