<?xml version="1.0" encoding="UTF-8"?>

<!--
/**
 *  '$RCSfile: junit_testfile.xml,v $'
 *  Copyright: 2002 Regents of the University of California and the
 *              National Center for Ecological Analysis and Synthesis
 *    Authors: @authors@
 *    Release: @release@
 *
 *   '$Author: brooke $'
 *     '$Date: 2003-07-17 21:30:00 $'
 * '$Revision: 1.1 $'
 *
 * This program is free software; you can redistribute it and/or modify
 * it under the terms of the GNU General Public License as published by
 * the Free Software Foundation; either version 2 of the License, or
 * (at your option) any later version.
 *
 * This program is distributed in the hope that it will be useful,
 * but WITHOUT ANY WARRANTY; without even the implied warranty of
 * MERCHANTABILITY or FITNESS FOR A PARTICULAR PURPOSE.  See the
 * GNU General Public License for more details.
 *
 * You should have received a copy of the GNU General Public License
 * along with this program; if not, write to the Free Software
 * Foundation, Inc., 59 Temple Place, Suite 330, Boston, MA  02111-1307  USA
 */
-->

<acc:access authSystem="knb" 
    id="brooke.124.1" scope="document"
    xmlns:acc="eml://ecoinformatics.org/access-2.0.0rc3"
    xmlns:xsi="http://www.w3.org/2001/XMLSchema-instance"
    xsi:schemaLocation="eml://ecoinformatics.org/access-2.0.0rc3
    eml-access.xsd">
    <allow>
      <principal>uid=brooke,o=NCEAS,dc=ecoinformatics,dc=org</principal>
      <permission>all</permission>
    </allow>
    <allow>
      <principal>public</principal>
      <permission>read</permission>
    </allow>
    <deny>
      <principal>uid=berkley,o=NCEAS,dc=ecoinformatics,dc=org</principal>
      <permission>read</permission>
      <permission>write</permission>
      <permission>all</permission>
    </deny>
</acc:access>
